<?xml version="1.0" encoding="UTF-8"?>
<!-- Generated by org.testng.reporters.JUnitReportReporter -->
<testsuite hostname="LAPTOP-2D0MJJ4C" failures="0" tests="3" name="com.tests.TC_Element_Dynamic_Properties" time="11.525" errors="0" timestamp="26 Aug 2022 12:06:46 GMT">
  <testcase classname="com.tests.TC_Element_Dynamic_Properties" name="checkVisible" time="5.554"/>
  <testcase classname="com.tests.TC_Element_Dynamic_Properties" name="checkVisibleFluent" time="0.300"/>
  <testcase classname="com.tests.TC_Element_Dynamic_Properties" name="checkButton1" time="5.671"/>
</testsuite> <!-- com.tests.TC_Element_Dynamic_Properties -->
