<?xml version="1.0" encoding="UTF-8"?>
<!-- Generated by org.testng.reporters.JUnitReportReporter -->
<testsuite hostname="LAPTOP-2D0MJJ4C" name="com.tests.Droppable" tests="1" failures="0" timestamp="1 Jul 2021 11:13:48 GMT" time="5.410" errors="0">
  <testcase name="Interactions_Droppable" time="5.410" classname="com.tests.Droppable"/>
</testsuite> <!-- com.tests.Droppable -->
