<?xml version="1.0" encoding="UTF-8"?>
<!-- Generated by org.testng.reporters.JUnitReportReporter -->
<testsuite hostname="LAPTOP-2D0MJJ4C" name="com.tests.TC_Element_Dynamic_Properties" tests="3" failures="0" timestamp="9 Aug 2021 08:59:00 GMT" time="11.868" errors="0">
  <testcase name="checkButton1" time="5.648" classname="com.tests.TC_Element_Dynamic_Properties"/>
  <testcase name="checkVisible" time="5.830" classname="com.tests.TC_Element_Dynamic_Properties"/>
  <testcase name="checkVisibleFluent" time="0.390" classname="com.tests.TC_Element_Dynamic_Properties"/>
</testsuite> <!-- com.tests.TC_Element_Dynamic_Properties -->
