<?xml version="1.0" encoding="UTF-8"?>
<!-- Generated by org.testng.reporters.JUnitReportReporter -->
<testsuite hostname="LAPTOP-2D0MJJ4C" name="com.tests.TC_Element_CheckBox" tests="2" failures="0" timestamp="1 Jul 2021 11:00:57 GMT" time="9.770" errors="0">
  <testcase name="TC_003_RadioButton" time="4.324" classname="com.tests.TC_Element_CheckBox"/>
  <testcase name="TC_002_RadioButton" time="5.446" classname="com.tests.TC_Element_CheckBox"/>
</testsuite> <!-- com.tests.TC_Element_CheckBox -->
